<?xml version="1.0" encoding="UTF-8"?>
<!-- Generated by org.testng.reporters.JUnitReportReporter -->
<testsuite hostname="nbhydalkumar" failures="0" tests="1" name="TestP.Groupingtestng" time="0.006" errors="0" timestamp="2024-07-23T19:38:40 IST" skipped="0">
  <testcase classname="TestP.Groupingtestng" name="f" time="0.006"/>
  <system-out/>
</testsuite> <!-- TestP.Groupingtestng -->
