<?xml version="1.0" encoding="UTF-8"?>
<!-- Generated by org.testng.reporters.JUnitReportReporter -->
<testsuite hostname="nbhydalkumar" failures="0" tests="2" name="Second.Finalparellell" time="0.015" errors="0" timestamp="2024-07-23T20:14:26 IST" skipped="0">
  <testcase classname="Second.Finalparellell" name="m2" time="0.007"/>
  <system-out/>
  <testcase classname="Second.Finalparellell" name="m1" time="0.008"/>
  <system-out/>
</testsuite> <!-- Second.Finalparellell -->
