<?xml version="1.0" encoding="UTF-8"?>
<!-- Generated by org.testng.reporters.JUnitReportReporter -->
<testsuite hostname="nbhydalkumar" failures="0" tests="2" name="TestP.NewTest" time="0.016" errors="0" timestamp="2024-07-23T20:15:48 IST" skipped="0">
  <testcase classname="TestP.NewTest" name="f1" time="0.008"/>
  <system-out/>
  <testcase classname="TestP.NewTest" name="f" time="0.008"/>
  <system-out/>
</testsuite> <!-- TestP.NewTest -->
