<?xml version="1.0" encoding="UTF-8"?>
<!-- Generated by org.testng.reporters.JUnitReportReporter -->
<testsuite hostname="nbhydalkumar" failures="0" tests="1" name="TestP.Testnggeneration" time="0.005" errors="0" timestamp="2024-07-22T19:46:06 IST" skipped="0">
  <testcase classname="TestP.Testnggeneration" name="Method2" time="0.005"/>
  <system-out/>
</testsuite> <!-- TestP.Testnggeneration -->
