<?xml version="1.0" encoding="UTF-8"?>
<!-- Generated by org.testng.reporters.JUnitReportReporter -->
<testsuite hostname="nbhydalkumar" failures="0" tests="2" name="Second.Testng" time="0.011" errors="0" timestamp="2024-07-23T20:04:04 IST" skipped="0">
  <testcase classname="Second.Testng" name="m1" time="0.001"/>
  <system-out/>
  <testcase classname="Second.Testng" name="m1" time="0.010"/>
  <system-out/>
</testsuite> <!-- Second.Testng -->
