<?xml version="1.0" encoding="UTF-8"?>
<!-- Generated by org.testng.reporters.JUnitReportReporter -->
<testsuite hostname="nbhydalkumar" failures="0" tests="1" name="com.qa.tests.ValidateTabsAfterlogin" time="33.463" errors="0" timestamp="10 Aug 2024 17:12:11 GMT" skipped="0">
  <testcase classname="com.qa.tests.ValidateTabsAfterlogin" name="Validationoftabsafterlogin" time="33.463"/>
</testsuite> <!-- com.qa.tests.ValidateTabsAfterlogin -->
